[21:13:33] DEBUG::Populate game window combobox, 1 window found
[21:13:33] Bot window loaded
[21:13:33] DEBUG::Internet is on
[21:13:35] DEBUG::Plug game window
[21:13:35] DEBUG::Game window plugged
[21:13:35] DEBUG::Focus game
[21:13:52] Bot started
[21:13:52] DEBUG::Bot path: /home/dev/Python/Dindo-bot/paths/test.path
[21:13:52] DEBUG::Instruction: Move(UP)
[21:13:52] DEBUG::Parse result: {'name': 'Move', 'value': 'UP'}
[21:13:52] DEBUG::Click on x: 844, y: 151
[21:13:52] DEBUG::Waiting for map to change
[21:13:54] DEBUG::Game screen has changed: False, diff: 0.15%, tolerance: 2.5, timeout: 30
[21:13:55] DEBUG::Game screen has changed: True, diff: 11.32%, tolerance: 2.5, timeout: 30
[21:13:55] DEBUG::Waiting for map to load
[21:13:58] DEBUG::Instruction: Move(RIGHT)
[21:13:58] DEBUG::Parse result: {'name': 'Move', 'value': 'RIGHT'}
[21:13:58] DEBUG::Click on x: 1139, y: 372
[21:13:58] DEBUG::Waiting for map to change
[21:13:59] DEBUG::Game screen has changed: False, diff: 0.32%, tolerance: 2.5, timeout: 30
[21:14:01] DEBUG::Game screen has changed: False, diff: 0.26%, tolerance: 2.5, timeout: 30
[21:14:02] DEBUG::Game screen has changed: False, diff: 0.16%, tolerance: 2.5, timeout: 30
[21:14:03] DEBUG::Game screen has changed: True, diff: 9.79%, tolerance: 2.5, timeout: 30
[21:14:03] DEBUG::Waiting for map to load
[21:14:06] DEBUG::Instruction: Move(DOWN)
[21:14:06] DEBUG::Parse result: {'name': 'Move', 'value': 'DOWN'}
[21:14:06] DEBUG::Click on x: 841, y: 544
[21:14:06] DEBUG::Waiting for map to change
[21:14:08] DEBUG::Game screen has changed: False, diff: 0.07%, tolerance: 2.5, timeout: 30
[21:14:09] DEBUG::Game screen has changed: False, diff: 0.08%, tolerance: 2.5, timeout: 30
[21:14:10] DEBUG::Game screen has changed: True, diff: 10.85%, tolerance: 2.5, timeout: 30
[21:14:10] DEBUG::Waiting for map to load
[21:14:13] DEBUG::Instruction: Move(DOWN)
[21:14:13] DEBUG::Parse result: {'name': 'Move', 'value': 'DOWN'}
[21:14:13] DEBUG::Click on x: 841, y: 544
[21:14:13] DEBUG::Waiting for map to change
[21:14:15] DEBUG::Game screen has changed: False, diff: 0.13%, tolerance: 2.5, timeout: 30
[21:14:16] DEBUG::Game screen has changed: False, diff: 0.32%, tolerance: 2.5, timeout: 30
[21:14:17] DEBUG::Game screen has changed: False, diff: 0.15%, tolerance: 2.5, timeout: 30
[21:14:18] DEBUG::Game screen has changed: False, diff: 0.13%, tolerance: 2.5, timeout: 30
[21:14:19] DEBUG::Game screen has changed: True, diff: 10.63%, tolerance: 2.5, timeout: 30
[21:14:19] DEBUG::Waiting for map to load
[21:14:22] DEBUG::Instruction: Move(LEFT)
[21:14:22] DEBUG::Parse result: {'name': 'Move', 'value': 'LEFT'}
[21:14:23] DEBUG::Click on x: 583, y: 371
[21:14:23] DEBUG::Waiting for map to change
[21:14:24] DEBUG::Game screen has changed: False, diff: 0.11%, tolerance: 2.5, timeout: 30
[21:14:25] DEBUG::Game screen has changed: False, diff: 0.15%, tolerance: 2.5, timeout: 30
[21:14:26] DEBUG::Game screen has changed: True, diff: 51.27%, tolerance: 2.5, timeout: 30
[21:14:26] DEBUG::Waiting for map to load
[21:14:29] DEBUG::Instruction: Move(UP)
[21:14:30] DEBUG::Parse result: {'name': 'Move', 'value': 'UP'}
[21:14:30] DEBUG::Click on x: 844, y: 151
[21:14:30] DEBUG::Waiting for map to change
[21:14:31] DEBUG::Game screen has changed: False, diff: 0.3%, tolerance: 2.5, timeout: 30
[21:14:32] DEBUG::Game screen has changed: False, diff: 0.18%, tolerance: 2.5, timeout: 30
[21:14:33] DEBUG::Game screen has changed: True, diff: 48.68%, tolerance: 2.5, timeout: 30
[21:14:33] DEBUG::Waiting for map to load
[21:14:36] Bot path completed
[21:14:37] DEBUG::Bot thread ended, elapsed time: 00:00:44
[21:14:39] Bot started
[21:14:39] DEBUG::Bot path: /home/dev/Python/Dindo-bot/paths/test.path
[21:14:39] DEBUG::Instruction: Move(UP)
[21:14:39] DEBUG::Parse result: {'name': 'Move', 'value': 'UP'}
[21:14:39] DEBUG::Click on x: 844, y: 151
[21:14:40] DEBUG::Waiting for map to change
[21:14:41] DEBUG::Game screen has changed: False, diff: 0.24%, tolerance: 2.5, timeout: 30
[21:14:42] DEBUG::Game screen has changed: True, diff: 21.25%, tolerance: 2.5, timeout: 30
[21:14:42] DEBUG::Waiting for map to load
[21:14:45] DEBUG::Instruction: Move(RIGHT)
[21:14:45] DEBUG::Parse result: {'name': 'Move', 'value': 'RIGHT'}
[21:14:45] DEBUG::Click on x: 1318, y: 407
[21:14:45] DEBUG::Waiting for map to change
[21:14:47] DEBUG::Game screen has changed: False, diff: 0.28%, tolerance: 2.5, timeout: 30
[21:14:48] DEBUG::Game screen has changed: True, diff: 34.89%, tolerance: 2.5, timeout: 30
[21:14:48] DEBUG::Waiting for map to load
[21:14:51] DEBUG::Instruction: Move(DOWN)
[21:14:51] DEBUG::Parse result: {'name': 'Move', 'value': 'DOWN'}
[21:14:51] DEBUG::Click on x: 617, y: 473
[21:14:51] DEBUG::Waiting for map to change
[21:14:53] DEBUG::Game screen has changed: False, diff: 0.19%, tolerance: 2.5, timeout: 30
[21:14:54] DEBUG::Game screen has changed: True, diff: 19.35%, tolerance: 2.5, timeout: 30
[21:14:54] DEBUG::Waiting for map to load
[21:14:57] DEBUG::Instruction: Move(DOWN)
[21:14:57] DEBUG::Parse result: {'name': 'Move', 'value': 'DOWN'}
[21:14:57] DEBUG::Click on x: 926, y: 577
[21:14:57] DEBUG::Waiting for map to change
[21:14:58] DEBUG::Game screen has changed: False, diff: 0.07%, tolerance: 2.5, timeout: 30
[21:15:00] DEBUG::Game screen has changed: False, diff: 0.21%, tolerance: 2.5, timeout: 30
[21:15:01] DEBUG::Game screen has changed: False, diff: 0.11%, tolerance: 2.5, timeout: 30
[21:15:02] DEBUG::Game screen has changed: True, diff: 52.44%, tolerance: 2.5, timeout: 30
[21:15:02] DEBUG::Waiting for map to load
[21:15:05] DEBUG::Instruction: Move(LEFT)
[21:15:05] DEBUG::Parse result: {'name': 'Move', 'value': 'LEFT'}
[21:15:05] DEBUG::Click on x: 488, y: 343
[21:15:06] DEBUG::Waiting for map to change
[21:15:07] DEBUG::Game screen has changed: False, diff: 0.11%, tolerance: 2.5, timeout: 30
[21:15:08] DEBUG::Game screen has changed: False, diff: 0.76%, tolerance: 2.5, timeout: 30
[21:15:09] DEBUG::Game screen has changed: True, diff: 52.78%, tolerance: 2.5, timeout: 30
[21:15:09] DEBUG::Waiting for map to load
[21:15:12] DEBUG::Instruction: Move(UP)
[21:15:12] DEBUG::Parse result: {'name': 'Move', 'value': 'UP'}
[21:15:12] DEBUG::Click on x: 620, y: 80
[21:15:13] DEBUG::Waiting for map to change
[21:15:14] DEBUG::Game screen has changed: False, diff: 0.17%, tolerance: 2.5, timeout: 30
[21:15:15] DEBUG::Game screen has changed: False, diff: 0.17%, tolerance: 2.5, timeout: 30
[21:15:16] DEBUG::Game screen has changed: False, diff: 0.09%, tolerance: 2.5, timeout: 30
[21:15:17] DEBUG::Game screen has changed: True, diff: 13.29%, tolerance: 2.5, timeout: 30
[21:15:17] DEBUG::Waiting for map to load
[21:15:20] Bot path completed
[21:15:21] DEBUG::Bot thread ended, elapsed time: 00:00:41
[21:15:38] Bot started
[21:15:38] DEBUG::Bot path: /home/dev/Python/Dindo-bot/paths/test.path
[21:15:38] DEBUG::Instruction: Move(UP)
[21:15:38] DEBUG::Parse result: {'name': 'Move', 'value': 'UP'}
[21:15:38] DEBUG::Click on x: 783, y: 148
[21:15:39] DEBUG::Waiting for map to change
[21:15:40] DEBUG::Game screen has changed: False, diff: 0.23%, tolerance: 2.5, timeout: 30
[21:15:41] DEBUG::Screen size has changed, retry
[21:15:42] DEBUG::Game screen has changed: False, diff: 0.27%, tolerance: 2.5, timeout: 30
[21:15:43] DEBUG::Game screen has changed: False, diff: 0.1%, tolerance: 2.5, timeout: 30
[21:15:44] DEBUG::Game screen has changed: True, diff: 11.83%, tolerance: 2.5, timeout: 30
[21:15:44] DEBUG::Waiting for map to load
[21:15:47] DEBUG::Instruction: Move(RIGHT)
[21:15:48] DEBUG::Parse result: {'name': 'Move', 'value': 'RIGHT'}
[21:15:48] DEBUG::Click on x: 1431, y: 344
[21:15:48] DEBUG::Waiting for map to change
[21:15:49] DEBUG::Game screen has changed: False, diff: 0.16%, tolerance: 2.5, timeout: 30
[21:15:50] DEBUG::Screen size has changed, retry
[21:15:51] DEBUG::Game screen has changed: True, diff: 50.35%, tolerance: 2.5, timeout: 30
[21:15:51] DEBUG::Waiting for map to load
[21:15:55] DEBUG::Instruction: Move(DOWN)
[21:15:55] DEBUG::Parse result: {'name': 'Move', 'value': 'DOWN'}
[21:15:55] DEBUG::Click on x: 780, y: 541
[21:15:55] DEBUG::Waiting for map to change
[21:15:56] DEBUG::Game screen has changed: False, diff: 0.07%, tolerance: 2.5, timeout: 30
[21:15:57] DEBUG::Game screen has changed: False, diff: 0.09%, tolerance: 2.5, timeout: 30
[21:15:58] DEBUG::Game screen has changed: False, diff: 0.14%, tolerance: 2.5, timeout: 30
[21:16:00] DEBUG::Game screen has changed: True, diff: 10.76%, tolerance: 2.5, timeout: 30
[21:16:00] DEBUG::Waiting for map to load
[21:16:03] DEBUG::Instruction: Move(DOWN)
[21:16:03] DEBUG::Parse result: {'name': 'Move', 'value': 'DOWN'}
[21:16:03] DEBUG::Click on x: 780, y: 541
[21:16:03] DEBUG::Waiting for map to change
[21:16:04] DEBUG::Game screen has changed: False, diff: 0.17%, tolerance: 2.5, timeout: 30
[21:16:05] DEBUG::Game screen has changed: False, diff: 0.16%, tolerance: 2.5, timeout: 30
[21:16:07] DEBUG::Game screen has changed: False, diff: 0.11%, tolerance: 2.5, timeout: 30
[21:16:08] DEBUG::Game screen has changed: False, diff: 0.12%, tolerance: 2.5, timeout: 30
[21:16:09] DEBUG::Game screen has changed: True, diff: 10.48%, tolerance: 2.5, timeout: 30
[21:16:09] DEBUG::Waiting for map to load
[21:16:12] DEBUG::Instruction: Move(LEFT)
[21:16:12] DEBUG::Parse result: {'name': 'Move', 'value': 'LEFT'}
[21:16:12] DEBUG::Click on x: 488, y: 343
[21:16:12] DEBUG::Waiting for map to change
[21:16:14] DEBUG::Game screen has changed: False, diff: 0.09%, tolerance: 2.5, timeout: 30
[21:16:15] DEBUG::Game screen has changed: False, diff: 0.13%, tolerance: 2.5, timeout: 30
[21:16:16] DEBUG::Game screen has changed: True, diff: 52.11%, tolerance: 2.5, timeout: 30
[21:16:16] DEBUG::Waiting for map to load
[21:16:19] DEBUG::Instruction: Move(UP)
[21:16:19] DEBUG::Parse result: {'name': 'Move', 'value': 'UP'}
[21:16:19] DEBUG::Click on x: 931, y: 44
[21:16:20] DEBUG::Waiting for map to change
[21:16:21] DEBUG::Game screen has changed: False, diff: 0.19%, tolerance: 2.5, timeout: 30
[21:16:22] DEBUG::Game screen has changed: False, diff: 0.19%, tolerance: 2.5, timeout: 30
[21:16:23] DEBUG::Game screen has changed: False, diff: 0.1%, tolerance: 2.5, timeout: 30
[21:16:24] DEBUG::Game screen has changed: True, diff: 13.2%, tolerance: 2.5, timeout: 30
[21:16:24] DEBUG::Waiting for map to load
[21:16:27] Bot path completed
[21:16:28] DEBUG::Bot thread ended, elapsed time: 00:00:49
[21:16:31] Bot started
[21:16:31] DEBUG::Bot path: /home/dev/Python/Dindo-bot/paths/test.path
[21:16:31] DEBUG::Instruction: Move(UP)
[21:16:31] DEBUG::Parse result: {'name': 'Move', 'value': 'UP'}
[21:16:31] DEBUG::Click on x: 783, y: 148
[21:16:32] DEBUG::Waiting for map to change
[21:16:33] DEBUG::Game screen has changed: False, diff: 0.23%, tolerance: 2.5, timeout: 30
[21:16:34] DEBUG::Game screen has changed: False, diff: 0.14%, tolerance: 2.5, timeout: 30
[21:16:35] DEBUG::Screen size has changed, retry
[21:16:36] DEBUG::Screen size has changed, retry
[21:16:37] DEBUG::Game screen has changed: True, diff: 11.34%, tolerance: 2.5, timeout: 30
[21:16:37] DEBUG::Waiting for map to load
[21:16:40] DEBUG::Instruction: Move(RIGHT)
[21:16:41] DEBUG::Parse result: {'name': 'Move', 'value': 'RIGHT'}
[21:16:41] DEBUG::Click on x: 1147, y: 392
[21:16:41] DEBUG::Waiting for map to change
[21:16:42] DEBUG::Game screen has changed: False, diff: 0.15%, tolerance: 2.5, timeout: 30
[21:16:43] DEBUG::Game screen has changed: False, diff: 0.16%, tolerance: 2.5, timeout: 30
[21:16:44] DEBUG::Game screen has changed: True, diff: 49.41%, tolerance: 2.5, timeout: 30
[21:16:44] DEBUG::Waiting for map to load
[21:16:47] DEBUG::Instruction: Move(DOWN)
[21:16:48] DEBUG::Parse result: {'name': 'Move', 'value': 'DOWN'}
[21:16:48] DEBUG::Click on x: 824, y: 581
[21:16:48] DEBUG::Waiting for map to change
[21:16:49] DEBUG::Game screen has changed: False, diff: 0.09%, tolerance: 2.5, timeout: 30
[21:16:50] DEBUG::Game screen has changed: False, diff: 0.1%, tolerance: 2.5, timeout: 30
[21:16:51] DEBUG::Screen size has changed, retry
[21:16:52] DEBUG::Screen size has changed, retry
[21:16:54] DEBUG::Game screen has changed: True, diff: 18.81%, tolerance: 2.5, timeout: 30
[21:16:54] DEBUG::Waiting for map to load
[21:16:57] DEBUG::Instruction: Move(DOWN)
[21:16:57] DEBUG::Parse result: {'name': 'Move', 'value': 'DOWN'}
[21:16:57] DEBUG::Click on x: 903, y: 614
[21:16:57] DEBUG::Waiting for map to change
[21:16:58] DEBUG::Game screen has changed: False, diff: 0.08%, tolerance: 2.5, timeout: 30
[21:17:00] DEBUG::Game screen has changed: False, diff: 0.25%, tolerance: 2.5, timeout: 30
[21:17:01] DEBUG::Game screen has changed: False, diff: 0.13%, tolerance: 2.5, timeout: 30
[21:17:02] DEBUG::Game screen has changed: False, diff: 0.13%, tolerance: 2.5, timeout: 30
[21:17:03] DEBUG::Game screen has changed: True, diff: 11.22%, tolerance: 2.5, timeout: 30
[21:17:03] DEBUG::Waiting for map to load
[21:17:06] DEBUG::Instruction: Move(LEFT)
[21:17:06] DEBUG::Parse result: {'name': 'Move', 'value': 'LEFT'}
[21:17:06] DEBUG::Click on x: 546, y: 372
[21:17:07] DEBUG::Waiting for map to change
[21:17:08] DEBUG::Game screen has changed: False, diff: 0.12%, tolerance: 2.5, timeout: 30
[21:17:09] DEBUG::Screen size has changed, retry
[21:17:10] DEBUG::Screen size has changed, retry
[21:17:11] DEBUG::Game screen has changed: True, diff: 10.9%, tolerance: 2.5, timeout: 30
[21:17:11] DEBUG::Waiting for map to load
[21:17:14] DEBUG::Instruction: Move(UP)
[21:17:14] DEBUG::Parse result: {'name': 'Move', 'value': 'UP'}
[21:17:15] DEBUG::Click on x: 741, y: 111
[21:17:15] DEBUG::Waiting for map to change
[21:17:16] DEBUG::Game screen has changed: False, diff: 0.45%, tolerance: 2.5, timeout: 30
[21:17:17] DEBUG::Game screen has changed: False, diff: 0.34%, tolerance: 2.5, timeout: 30
[21:17:18] DEBUG::Game screen has changed: False, diff: 0.13%, tolerance: 2.5, timeout: 30
[21:17:19] DEBUG::Game screen has changed: True, diff: 13.28%, tolerance: 2.5, timeout: 30
[21:17:19] DEBUG::Waiting for map to load
[21:17:23] Bot path completed
[21:17:23] DEBUG::Bot thread ended, elapsed time: 00:00:51
[21:17:43] Bot started
[21:17:43] DEBUG::Bot path: /home/dev/Python/Dindo-bot/paths/test.path
[21:17:43] DEBUG::Instruction: Move(UP)
[21:17:43] DEBUG::Parse result: {'name': 'Move', 'value': 'UP'}
[21:17:43] DEBUG::Click on x: 931, y: 44
[21:17:43] DEBUG::Waiting for map to change
[21:17:44] DEBUG::Game screen has changed: False, diff: 0.19%, tolerance: 2.5, timeout: 30
[21:17:46] DEBUG::Game screen has changed: False, diff: 0.11%, tolerance: 2.5, timeout: 30
[21:17:47] DEBUG::Game screen has changed: False, diff: 0.13%, tolerance: 2.5, timeout: 30
[21:17:48] DEBUG::Game screen has changed: True, diff: 52.1%, tolerance: 2.5, timeout: 30
[21:17:48] DEBUG::Waiting for map to load
[21:17:51] DEBUG::Instruction: Move(RIGHT)
[21:17:51] DEBUG::Parse result: {'name': 'Move', 'value': 'RIGHT'}
[21:17:51] DEBUG::Click on x: 1431, y: 344
[21:17:52] DEBUG::Waiting for map to change
[21:17:53] DEBUG::Game screen has changed: False, diff: 0.14%, tolerance: 2.5, timeout: 30
[21:17:54] DEBUG::Game screen has changed: False, diff: 0.75%, tolerance: 2.5, timeout: 30
[21:17:55] DEBUG::Game screen has changed: False, diff: 0.12%, tolerance: 2.5, timeout: 30
[21:17:56] DEBUG::Game screen has changed: True, diff: 11.03%, tolerance: 2.5, timeout: 30
[21:17:56] DEBUG::Waiting for map to load
[21:17:59] DEBUG::Instruction: Move(DOWN)
[21:18:00] DEBUG::Parse result: {'name': 'Move', 'value': 'DOWN'}
[21:18:00] DEBUG::Click on x: 926, y: 577
[21:18:00] DEBUG::Waiting for map to change
[21:18:01] DEBUG::Game screen has changed: False, diff: 0.06%, tolerance: 2.5, timeout: 30
[21:18:02] DEBUG::Game screen has changed: False, diff: 0.07%, tolerance: 2.5, timeout: 30
[21:18:03] DEBUG::Game screen has changed: True, diff: 11.65%, tolerance: 2.5, timeout: 30
[21:18:03] DEBUG::Waiting for map to load
[21:18:07] DEBUG::Instruction: Move(DOWN)
[21:18:07] DEBUG::Parse result: {'name': 'Move', 'value': 'DOWN'}
[21:18:07] DEBUG::Click on x: 926, y: 577
[21:18:07] DEBUG::Waiting for map to change
[21:18:08] DEBUG::Game screen has changed: False, diff: 0.7%, tolerance: 2.5, timeout: 30
[21:18:09] DEBUG::Game screen has changed: False, diff: 0.75%, tolerance: 2.5, timeout: 30
[21:18:10] DEBUG::Game screen has changed: False, diff: 0.11%, tolerance: 2.5, timeout: 30
[21:18:12] DEBUG::Game screen has changed: False, diff: 0.17%, tolerance: 2.5, timeout: 30
[21:18:13] DEBUG::Game screen has changed: True, diff: 11.84%, tolerance: 2.5, timeout: 30
[21:18:13] DEBUG::Waiting for map to load
[21:18:16] DEBUG::Instruction: Move(LEFT)
[21:18:16] DEBUG::Parse result: {'name': 'Move', 'value': 'LEFT'}
[21:18:16] DEBUG::Click on x: 488, y: 343
[21:18:16] DEBUG::Waiting for map to change
[21:18:18] DEBUG::Game screen has changed: False, diff: 0.14%, tolerance: 2.5, timeout: 30
[21:18:18] DEBUG::Bot thread paused
[21:18:24] DEBUG::Bot thread resumed
[21:18:24] DEBUG::Game screen has changed: True, diff: 12.25%, tolerance: 2.5, timeout: 30
[21:18:24] DEBUG::Waiting for map to load
[21:18:27] DEBUG::Instruction: Move(UP)
[21:18:27] DEBUG::Parse result: {'name': 'Move', 'value': 'UP'}
[21:18:27] DEBUG::Click on x: 931, y: 44
[21:18:27] DEBUG::Waiting for map to change
[21:18:29] DEBUG::Game screen has changed: False, diff: 0.13%, tolerance: 2.5, timeout: 30
[21:18:30] DEBUG::Game screen has changed: False, diff: 0.26%, tolerance: 2.5, timeout: 30
[21:18:31] DEBUG::Game screen has changed: True, diff: 51.27%, tolerance: 2.5, timeout: 30
[21:18:31] DEBUG::Waiting for map to load
[21:18:34] Bot path completed
[21:18:34] DEBUG::Bot thread ended, elapsed time: 00:00:45
[21:30:55] DEBUG::Populate game window combobox, 1 window found
[21:30:55] Bot window loaded
[21:30:55] DEBUG::Internet is on
[21:30:57] DEBUG::Plug game window
[21:30:57] DEBUG::Game window plugged
[21:30:57] DEBUG::Focus game
[21:31:02] Bot started
[21:31:02] DEBUG::Bot path: /home/dev/Python/Dindo-bot/paths/test.path
[21:31:02] DEBUG::Instruction: Move(UP)
[21:31:03] DEBUG::Parse result: {'name': 'Move', 'value': 'UP'}
[21:31:03] DEBUG::Click on x: 844, y: 151
[21:31:03] DEBUG::Waiting for map to change
[21:31:04] DEBUG::Game screen has changed: False, diff: 0.32%, tolerance: 2.5, timeout: 30
[21:31:05] DEBUG::Game screen has changed: False, diff: 0.29%, tolerance: 2.5, timeout: 30
[21:31:06] DEBUG::Game screen has changed: False, diff: 0.17%, tolerance: 2.5, timeout: 30
[21:31:08] DEBUG::Game screen has changed: False, diff: 0.13%, tolerance: 2.5, timeout: 30
[21:31:09] DEBUG::Game screen has changed: True, diff: 11.54%, tolerance: 2.5, timeout: 30
[21:31:09] DEBUG::Waiting for map to load
[21:31:12] DEBUG::Instruction: Move(RIGHT)
[21:31:12] DEBUG::Parse result: {'name': 'Move', 'value': 'RIGHT'}
[21:31:12] DEBUG::Click on x: 1139, y: 372
[21:31:12] DEBUG::Waiting for map to change
[21:31:14] DEBUG::Game screen has changed: False, diff: 0.17%, tolerance: 2.5, timeout: 30
[21:31:15] DEBUG::Game screen has changed: False, diff: 0.17%, tolerance: 2.5, timeout: 30
[21:31:16] DEBUG::Screen size has changed, retry
[21:31:17] DEBUG::Game screen has changed: True, diff: 52.52%, tolerance: 2.5, timeout: 30
[21:31:17] DEBUG::Waiting for map to load
[21:31:20] DEBUG::Instruction: Move(DOWN)
[21:31:20] DEBUG::Parse result: {'name': 'Move', 'value': 'DOWN'}
[21:31:20] DEBUG::Click on x: 926, y: 577
[21:31:21] DEBUG::Waiting for map to change
[21:31:22] DEBUG::Game screen has changed: False, diff: 0.16%, tolerance: 2.5, timeout: 30
[21:31:23] DEBUG::Game screen has changed: False, diff: 0.07%, tolerance: 2.5, timeout: 30
[21:31:24] DEBUG::Game screen has changed: True, diff: 11.8%, tolerance: 2.5, timeout: 30
[21:31:24] DEBUG::Waiting for map to load
[21:31:27] DEBUG::Instruction: Move(DOWN)
[21:31:28] DEBUG::Parse result: {'name': 'Move', 'value': 'DOWN'}
[21:31:28] DEBUG::Click on x: 926, y: 577
[21:31:28] DEBUG::Waiting for map to change
[21:31:29] DEBUG::Game screen has changed: False, diff: 0.08%, tolerance: 2.5, timeout: 30
[21:31:30] DEBUG::Game screen has changed: False, diff: 0.22%, tolerance: 2.5, timeout: 30
[21:31:31] DEBUG::Game screen has changed: False, diff: 0.13%, tolerance: 2.5, timeout: 30
[21:31:33] DEBUG::Game screen has changed: False, diff: 0.12%, tolerance: 2.5, timeout: 30
[21:31:34] DEBUG::Game screen has changed: True, diff: 11.81%, tolerance: 2.5, timeout: 30
[21:31:34] DEBUG::Waiting for map to load
[21:31:37] DEBUG::Instruction: Move(LEFT)
[21:31:37] DEBUG::Parse result: {'name': 'Move', 'value': 'LEFT'}
[21:31:37] DEBUG::Click on x: 488, y: 343
[21:31:37] DEBUG::Waiting for map to change
[21:31:39] DEBUG::Game screen has changed: False, diff: 0.13%, tolerance: 2.5, timeout: 30
[21:31:40] DEBUG::Game screen has changed: False, diff: 0.22%, tolerance: 2.5, timeout: 30
[21:31:41] DEBUG::Game screen has changed: True, diff: 52.86%, tolerance: 2.5, timeout: 30
[21:31:41] DEBUG::Waiting for map to load
[21:31:44] DEBUG::Instruction: Move(UP)
[21:31:44] DEBUG::Parse result: {'name': 'Move', 'value': 'UP'}
[21:31:44] DEBUG::Click on x: 931, y: 44
[21:31:45] DEBUG::Waiting for map to change
[21:31:46] DEBUG::Game screen has changed: False, diff: 0.25%, tolerance: 2.5, timeout: 30
[21:31:47] DEBUG::Screen size has changed, retry
[21:31:48] DEBUG::Game screen has changed: True, diff: 48.68%, tolerance: 2.5, timeout: 30
[21:31:48] DEBUG::Waiting for map to load
[21:31:51] Bot path completed
[21:31:51] DEBUG::Bot thread ended, elapsed time: 00:00:49
[21:32:25] Bot started
[21:32:25] DEBUG::Bot path: /home/dev/Python/Dindo-bot/paths/test.path
[21:32:25] DEBUG::Instruction: Move(UP)
[21:32:25] DEBUG::Parse result: {'name': 'Move', 'value': 'UP'}
[21:32:25] DEBUG::Click on x: 844, y: 151
[21:32:26] DEBUG::Waiting for map to change
[21:32:27] DEBUG::Game screen has changed: False, diff: 0.15%, tolerance: 2.5, timeout: 30
[21:32:28] DEBUG::Game screen has changed: True, diff: 23.1%, tolerance: 2.5, timeout: 30
[21:32:28] DEBUG::Waiting for map to load
[21:32:31] DEBUG::Instruction: Move(RIGHT)
[21:32:31] DEBUG::Parse result: {'name': 'Move', 'value': 'RIGHT'}
[21:32:31] DEBUG::Click on x: 1139, y: 372
[21:32:32] DEBUG::Waiting for map to change
[21:32:33] DEBUG::Game screen has changed: False, diff: 0.19%, tolerance: 2.5, timeout: 30
[21:32:34] DEBUG::Game screen has changed: False, diff: 0.21%, tolerance: 2.5, timeout: 30
[21:32:35] DEBUG::Game screen has changed: True, diff: 50.43%, tolerance: 2.5, timeout: 30
[21:32:35] DEBUG::Waiting for map to load
[21:32:38] DEBUG::Instruction: Move(DOWN)
[21:32:38] DEBUG::Parse result: {'name': 'Move', 'value': 'DOWN'}
[21:32:39] DEBUG::Click on x: 926, y: 577
[21:32:39] DEBUG::Waiting for map to change
[21:32:40] DEBUG::Game screen has changed: False, diff: 0.25%, tolerance: 2.5, timeout: 30
[21:32:41] DEBUG::Screen size has changed, retry
[21:32:42] DEBUG::Game screen has changed: True, diff: 10.84%, tolerance: 2.5, timeout: 30
[21:32:42] DEBUG::Waiting for map to load
[21:32:46] DEBUG::Instruction: Move(DOWN)
[21:32:46] DEBUG::Parse result: {'name': 'Move', 'value': 'DOWN'}
[21:32:46] DEBUG::Click on x: 841, y: 544
[21:32:46] DEBUG::Waiting for map to change
[21:32:47] DEBUG::Game screen has changed: False, diff: 0.1%, tolerance: 2.5, timeout: 30
[21:32:48] DEBUG::Game screen has changed: False, diff: 0.15%, tolerance: 2.5, timeout: 30
[21:32:49] DEBUG::Game screen has changed: False, diff: 0.15%, tolerance: 2.5, timeout: 30
[21:32:51] DEBUG::Game screen has changed: False, diff: 0.16%, tolerance: 2.5, timeout: 30
[21:32:52] DEBUG::Game screen has changed: True, diff: 10.88%, tolerance: 2.5, timeout: 30
[21:32:52] DEBUG::Waiting for map to load
[21:32:55] DEBUG::Instruction: Move(LEFT)
[21:32:55] DEBUG::Parse result: {'name': 'Move', 'value': 'LEFT'}
[21:32:55] DEBUG::Click on x: 583, y: 371
[21:32:55] DEBUG::Waiting for map to change
[21:32:57] DEBUG::Game screen has changed: False, diff: 0.17%, tolerance: 2.5, timeout: 30
[21:32:58] DEBUG::Game screen has changed: False, diff: 0.16%, tolerance: 2.5, timeout: 30
[21:32:59] DEBUG::Game screen has changed: False, diff: 0.16%, tolerance: 2.5, timeout: 30
[21:33:00] DEBUG::Game screen has changed: True, diff: 10.91%, tolerance: 2.5, timeout: 30
[21:33:00] DEBUG::Waiting for map to load
[21:33:03] DEBUG::Instruction: Move(UP)
[21:33:03] DEBUG::Parse result: {'name': 'Move', 'value': 'UP'}
[21:33:03] DEBUG::Click on x: 844, y: 151
[21:33:04] DEBUG::Waiting for map to change
[21:33:05] DEBUG::Game screen has changed: False, diff: 0.25%, tolerance: 2.5, timeout: 30
[21:33:06] DEBUG::Game screen has changed: False, diff: 0.16%, tolerance: 2.5, timeout: 30
[21:33:07] DEBUG::Game screen has changed: False, diff: 0.08%, tolerance: 2.5, timeout: 30
[21:33:08] DEBUG::Game screen has changed: True, diff: 12.91%, tolerance: 2.5, timeout: 30
[21:33:08] DEBUG::Waiting for map to load
[21:33:11] Bot path completed
[21:33:12] DEBUG::Bot thread ended, elapsed time: 00:00:46
[21:33:18] Bot started
[21:33:18] DEBUG::Bot path: /home/dev/Python/Dindo-bot/paths/test.path
[21:33:19] DEBUG::Instruction: Move(UP)
[21:33:19] DEBUG::Parse result: {'name': 'Move', 'value': 'UP'}
[21:33:19] DEBUG::Click on x: 844, y: 151
[21:33:19] DEBUG::Waiting for map to change
[21:33:20] DEBUG::Game screen has changed: False, diff: 0.14%, tolerance: 2.5, timeout: 30
[21:33:20] DEBUG::Bot thread paused
[21:33:25] DEBUG::Bot thread resumed
[21:33:25] DEBUG::Game screen has changed: True, diff: 11.78%, tolerance: 2.5, timeout: 30
[21:33:25] DEBUG::Waiting for map to load
[21:33:28] DEBUG::Instruction: Move(RIGHT)
[21:33:28] DEBUG::Parse result: {'name': 'Move', 'value': 'RIGHT'}
[21:33:28] DEBUG::Click on x: 1139, y: 372
[21:33:29] DEBUG::Waiting for map to change
[21:33:30] DEBUG::Game screen has changed: False, diff: 0.16%, tolerance: 2.5, timeout: 30
[21:33:31] DEBUG::Game screen has changed: False, diff: 0.39%, tolerance: 2.5, timeout: 30
[21:33:32] DEBUG::Game screen has changed: True, diff: 50.42%, tolerance: 2.5, timeout: 30
[21:33:32] DEBUG::Waiting for map to load
[21:33:35] DEBUG::Instruction: Move(DOWN)
[21:33:35] DEBUG::Parse result: {'name': 'Move', 'value': 'DOWN'}
[21:33:35] DEBUG::Click on x: 841, y: 544
[21:33:36] DEBUG::Waiting for map to change
[21:33:37] DEBUG::Game screen has changed: False, diff: 0.3%, tolerance: 2.5, timeout: 30
[21:33:38] DEBUG::Game screen has changed: False, diff: 0.11%, tolerance: 2.5, timeout: 30
[21:33:39] DEBUG::Game screen has changed: True, diff: 10.82%, tolerance: 2.5, timeout: 30
[21:33:39] DEBUG::Waiting for map to load
[21:33:42] DEBUG::Instruction: Move(DOWN)
[21:33:42] DEBUG::Parse result: {'name': 'Move', 'value': 'DOWN'}
[21:33:43] DEBUG::Click on x: 841, y: 544
[21:33:43] DEBUG::Waiting for map to change
[21:33:44] DEBUG::Game screen has changed: False, diff: 0.13%, tolerance: 2.5, timeout: 30
[21:33:45] DEBUG::Game screen has changed: False, diff: 0.16%, tolerance: 2.5, timeout: 30
[21:33:46] DEBUG::Game screen has changed: False, diff: 0.15%, tolerance: 2.5, timeout: 30
[21:33:47] DEBUG::Game screen has changed: True, diff: 50.9%, tolerance: 2.5, timeout: 30
[21:33:48] DEBUG::Waiting for map to load
[21:33:51] DEBUG::Instruction: Move(LEFT)
[21:33:51] DEBUG::Parse result: {'name': 'Move', 'value': 'LEFT'}
[21:33:51] DEBUG::Click on x: 583, y: 371
[21:33:51] DEBUG::Waiting for map to change
[21:33:52] DEBUG::Game screen has changed: False, diff: 0.28%, tolerance: 2.5, timeout: 30
[21:33:53] DEBUG::Game screen has changed: False, diff: 0.2%, tolerance: 2.5, timeout: 30
[21:33:55] DEBUG::Game screen has changed: False, diff: 0.16%, tolerance: 2.5, timeout: 30
[21:33:56] DEBUG::Game screen has changed: True, diff: 11.55%, tolerance: 2.5, timeout: 30
[21:33:56] DEBUG::Waiting for map to load
[21:33:59] DEBUG::Instruction: Move(UP)
[21:33:59] DEBUG::Parse result: {'name': 'Move', 'value': 'UP'}
[21:33:59] DEBUG::Click on x: 844, y: 151
[21:33:59] DEBUG::Waiting for map to change
[21:34:01] DEBUG::Game screen has changed: False, diff: 0.39%, tolerance: 2.5, timeout: 30
[21:34:02] DEBUG::Game screen has changed: False, diff: 0.18%, tolerance: 2.5, timeout: 30
[21:34:03] DEBUG::Game screen has changed: True, diff: 48.75%, tolerance: 2.5, timeout: 30
[21:34:03] DEBUG::Waiting for map to load
[21:34:06] Bot path completed
[21:34:06] DEBUG::Bot thread ended, elapsed time: 00:00:43
[21:34:17] DEBUG::Unplug game window
[21:34:17] DEBUG::Keep game window open
[21:34:17] DEBUG::Game window unplugged
[21:34:17] DEBUG::Populate game window combobox, 0 window found
[21:38:15] DEBUG::Populate game window combobox, 1 window found
[21:38:16] Bot window loaded
[21:38:16] DEBUG::Internet is on
[21:38:18] DEBUG::Plug game window
[21:38:18] DEBUG::Game window plugged
[21:38:18] DEBUG::Focus game
[21:38:22] Bot started
[21:38:22] DEBUG::Bot path: /home/dev/Python/Dindo-bot/paths/test.path
[21:38:22] DEBUG::Instruction: Move(UP)
[21:38:22] DEBUG::Parse result: {'name': 'Move', 'value': 'UP'}
[21:38:22] DEBUG::Click on x: 844, y: 151
[21:38:22] DEBUG::Waiting for map to change
[21:38:24] DEBUG::Game screen has changed: False, diff: 0.19%, tolerance: 2.5, timeout: 30
[21:38:25] DEBUG::Screen size has changed, retry
[21:38:26] DEBUG::Game screen has changed: False, diff: 0.13%, tolerance: 2.5, timeout: 30
[21:38:27] DEBUG::Game screen has changed: False, diff: 0.08%, tolerance: 2.5, timeout: 30
[21:38:28] DEBUG::Game screen has changed: True, diff: 11.83%, tolerance: 2.5, timeout: 30
[21:38:28] DEBUG::Waiting for map to load
[21:38:31] DEBUG::Instruction: Move(RIGHT)
[21:38:31] DEBUG::Parse result: {'name': 'Move', 'value': 'RIGHT'}
[21:38:32] DEBUG::Click on x: 1431, y: 344
[21:38:32] DEBUG::Waiting for map to change
[21:38:33] DEBUG::Game screen has changed: False, diff: 0.75%, tolerance: 2.5, timeout: 30
[21:38:34] DEBUG::Screen size has changed, retry
[21:38:35] DEBUG::Game screen has changed: True, diff: 9.82%, tolerance: 2.5, timeout: 30
[21:38:35] DEBUG::Waiting for map to load
[21:38:38] DEBUG::Instruction: Move(DOWN)
[21:38:39] DEBUG::Parse result: {'name': 'Move', 'value': 'DOWN'}
[21:38:39] DEBUG::Click on x: 841, y: 544
[21:38:39] DEBUG::Waiting for map to change
[21:38:40] DEBUG::Game screen has changed: False, diff: 0.11%, tolerance: 2.5, timeout: 30
[21:38:41] DEBUG::Game screen has changed: False, diff: 0.21%, tolerance: 2.5, timeout: 30
[21:38:42] DEBUG::Game screen has changed: True, diff: 10.78%, tolerance: 2.5, timeout: 30
[21:38:42] DEBUG::Waiting for map to load
[21:38:46] DEBUG::Instruction: Move(DOWN)
[21:38:46] DEBUG::Parse result: {'name': 'Move', 'value': 'DOWN'}
[21:38:46] DEBUG::Click on x: 841, y: 544
[21:38:46] DEBUG::Waiting for map to change
[21:38:47] DEBUG::Game screen has changed: False, diff: 0.2%, tolerance: 2.5, timeout: 30
[21:38:48] DEBUG::Game screen has changed: False, diff: 0.19%, tolerance: 2.5, timeout: 30
[21:38:50] DEBUG::Game screen has changed: False, diff: 0.15%, tolerance: 2.5, timeout: 30
[21:38:51] DEBUG::Game screen has changed: True, diff: 50.86%, tolerance: 2.5, timeout: 30
[21:38:51] DEBUG::Waiting for map to load
[21:38:54] DEBUG::Instruction: Move(LEFT)
[21:38:54] DEBUG::Parse result: {'name': 'Move', 'value': 'LEFT'}
[21:38:54] DEBUG::Click on x: 583, y: 371
[21:38:54] DEBUG::Waiting for map to change
[21:38:55] DEBUG::Game screen has changed: False, diff: 0.21%, tolerance: 2.5, timeout: 30
[21:38:57] DEBUG::Game screen has changed: False, diff: 0.42%, tolerance: 2.5, timeout: 30
[21:38:58] DEBUG::Game screen has changed: True, diff: 51.4%, tolerance: 2.5, timeout: 30
[21:38:58] DEBUG::Waiting for map to load
[21:39:01] DEBUG::Instruction: Move(UP)
[21:39:01] DEBUG::Parse result: {'name': 'Move', 'value': 'UP'}
[21:39:01] DEBUG::Click on x: 844, y: 151
[21:39:01] DEBUG::Waiting for map to change
[21:39:03] DEBUG::Game screen has changed: False, diff: 0.17%, tolerance: 2.5, timeout: 30
[21:39:04] DEBUG::Game screen has changed: False, diff: 0.36%, tolerance: 2.5, timeout: 30
[21:39:05] DEBUG::Game screen has changed: True, diff: 48.78%, tolerance: 2.5, timeout: 30
[21:39:05] DEBUG::Waiting for map to load
[21:39:08] Bot path completed
[21:39:08] DEBUG::Bot thread ended, elapsed time: 00:00:46
[21:40:35] Bot started
[21:40:35] DEBUG::Bot path: /home/dev/Python/Dindo-bot/paths/test.path
[21:40:35] DEBUG::Instruction: Move(UP)
[21:40:35] DEBUG::Parse result: {'name': 'Move', 'value': 'UP'}
[21:40:35] DEBUG::Click on x: 931, y: 44
[21:40:36] DEBUG::Waiting for map to change
[21:40:37] DEBUG::Game screen has changed: False, diff: 0.06%, tolerance: 2.5, timeout: 30
[21:40:38] DEBUG::Game screen has changed: False, diff: 0.02%, tolerance: 2.5, timeout: 30
[21:40:39] DEBUG::Game screen has changed: False, diff: 0.0%, tolerance: 2.5, timeout: 30
[21:40:40] DEBUG::Game screen has changed: False, diff: 0.0%, tolerance: 2.5, timeout: 30
[21:40:41] DEBUG::Game screen has changed: False, diff: 0.0%, tolerance: 2.5, timeout: 30
[21:40:43] DEBUG::Game screen has changed: False, diff: 0.0%, tolerance: 2.5, timeout: 30
[21:40:44] DEBUG::Game screen has changed: False, diff: 0.16%, tolerance: 2.5, timeout: 30
[21:40:45] DEBUG::Game screen has changed: False, diff: 0.11%, tolerance: 2.5, timeout: 30
[21:40:46] DEBUG::Game screen has changed: False, diff: 0.04%, tolerance: 2.5, timeout: 30
[21:40:47] DEBUG::Game screen has changed: False, diff: 0.02%, tolerance: 2.5, timeout: 30
[21:40:48] DEBUG::Game screen has changed: False, diff: 0.01%, tolerance: 2.5, timeout: 30
[21:40:50] DEBUG::Game screen has changed: False, diff: 0.01%, tolerance: 2.5, timeout: 30
[21:40:51] DEBUG::Game screen has changed: False, diff: 0.02%, tolerance: 2.5, timeout: 30
[21:40:52] DEBUG::Game screen has changed: False, diff: 0.0%, tolerance: 2.5, timeout: 30
[21:40:53] DEBUG::Game screen has changed: False, diff: 0.0%, tolerance: 2.5, timeout: 30
[21:40:54] DEBUG::Game screen has changed: False, diff: 0.0%, tolerance: 2.5, timeout: 30
[21:40:55] DEBUG::Game screen has changed: False, diff: 0.0%, tolerance: 2.5, timeout: 30
[21:40:56] DEBUG::Game screen has changed: False, diff: 0.0%, tolerance: 2.5, timeout: 30
[21:40:57] DEBUG::Game screen has changed: False, diff: 0.04%, tolerance: 2.5, timeout: 30
[21:40:59] DEBUG::Game screen has changed: False, diff: 0.0%, tolerance: 2.5, timeout: 30
[21:41:00] DEBUG::Game screen has changed: False, diff: 0.0%, tolerance: 2.5, timeout: 30
[21:41:01] DEBUG::Game screen has changed: False, diff: 0.0%, tolerance: 2.5, timeout: 30
[21:41:02] DEBUG::Game screen has changed: False, diff: 0.0%, tolerance: 2.5, timeout: 30
[21:41:03] DEBUG::Game screen has changed: False, diff: 0.0%, tolerance: 2.5, timeout: 30
[21:41:04] DEBUG::Game screen has changed: False, diff: 0.09%, tolerance: 2.5, timeout: 30
[21:41:05] DEBUG::Game screen has changed: False, diff: 0.04%, tolerance: 2.5, timeout: 30
[21:41:07] DEBUG::Game screen has changed: False, diff: 0.0%, tolerance: 2.5, timeout: 30
[21:41:08] DEBUG::Game screen has changed: False, diff: 0.0%, tolerance: 2.5, timeout: 30
[21:41:09] DEBUG::Game screen has changed: False, diff: 0.0%, tolerance: 2.5, timeout: 30
[21:41:10] DEBUG::Game screen has changed: False, diff: 0.0%, tolerance: 2.5, timeout: 30
[21:41:10] DEBUG::Bot thread paused
[21:41:10] ERROR::Game screen don't change
[21:41:10] DEBUG::Instruction: Move(RIGHT)
[21:41:10] DEBUG::Parse result: {'name': 'Move', 'value': 'RIGHT'}
[21:41:11] DEBUG::Click on x: 1431, y: 344
[21:41:11] DEBUG::Waiting for map to change
[21:41:12] DEBUG::Game screen has changed: False, diff: 0.14%, tolerance: 2.5, timeout: 30
[21:41:13] DEBUG::Game screen has changed: False, diff: 0.1%, tolerance: 2.5, timeout: 30
[21:41:14] DEBUG::Game screen has changed: True, diff: 52.14%, tolerance: 2.5, timeout: 30
[21:41:14] DEBUG::Waiting for map to load
[21:41:18] DEBUG::Instruction: Move(DOWN)
[21:41:18] DEBUG::Parse result: {'name': 'Move', 'value': 'DOWN'}
[21:41:18] DEBUG::Click on x: 926, y: 577
[21:41:18] DEBUG::Waiting for map to change
[21:41:19] DEBUG::Game screen has changed: False, diff: 0.1%, tolerance: 2.5, timeout: 30
[21:41:20] DEBUG::Game screen has changed: False, diff: 0.12%, tolerance: 2.5, timeout: 30
[21:41:22] DEBUG::Game screen has changed: True, diff: 52.54%, tolerance: 2.5, timeout: 30
[21:41:22] DEBUG::Waiting for map to load
[21:41:25] DEBUG::Instruction: Move(DOWN)
[21:41:25] DEBUG::Parse result: {'name': 'Move', 'value': 'DOWN'}
[21:41:25] DEBUG::Click on x: 926, y: 577
[21:41:25] DEBUG::Waiting for map to change
[21:41:26] DEBUG::Game screen has changed: False, diff: 0.27%, tolerance: 2.5, timeout: 30
[21:41:28] DEBUG::Game screen has changed: False, diff: 0.13%, tolerance: 2.5, timeout: 30
[21:41:29] DEBUG::Game screen has changed: False, diff: 0.12%, tolerance: 2.5, timeout: 30
[21:41:30] DEBUG::Game screen has changed: True, diff: 52.78%, tolerance: 2.5, timeout: 30
[21:41:30] DEBUG::Waiting for map to load
[21:41:33] DEBUG::Instruction: Move(LEFT)
[21:41:33] DEBUG::Parse result: {'name': 'Move', 'value': 'LEFT'}
[21:41:33] DEBUG::Click on x: 488, y: 343
[21:41:34] DEBUG::Waiting for map to change
[21:41:35] DEBUG::Game screen has changed: False, diff: 0.09%, tolerance: 2.5, timeout: 30
[21:41:36] DEBUG::Game screen has changed: False, diff: 0.29%, tolerance: 2.5, timeout: 30
[21:41:37] DEBUG::Game screen has changed: True, diff: 51.69%, tolerance: 2.5, timeout: 30
[21:41:37] DEBUG::Waiting for map to load
[21:41:40] DEBUG::Instruction: Move(UP)
[21:41:40] DEBUG::Parse result: {'name': 'Move', 'value': 'UP'}
[21:41:41] DEBUG::Click on x: 931, y: 44
[21:41:41] DEBUG::Waiting for map to change
[21:41:42] DEBUG::Game screen has changed: False, diff: 0.12%, tolerance: 2.5, timeout: 30
[21:41:43] DEBUG::Game screen has changed: False, diff: 0.14%, tolerance: 2.5, timeout: 30
[21:41:44] DEBUG::Game screen has changed: False, diff: 0.09%, tolerance: 2.5, timeout: 30
[21:41:46] DEBUG::Game screen has changed: True, diff: 11.54%, tolerance: 2.5, timeout: 30
[21:41:46] DEBUG::Waiting for map to load
[21:41:49] Bot path completed
[21:41:49] DEBUG::Bot thread ended, elapsed time: 00:00:35
[21:44:30] DEBUG::Unplug game window
[21:44:30] DEBUG::Game window unplugged
[21:44:30] DEBUG::Populate game window combobox, 0 window found
[21:45:25] DEBUG::Populate game window combobox, 1 window found
[21:45:25] Bot window loaded
[21:45:25] DEBUG::Internet is on
[21:45:27] DEBUG::Plug game window
[21:45:27] DEBUG::Game window plugged
[21:45:27] DEBUG::Focus game
[21:45:33] Bot started
[21:45:33] DEBUG::Bot path: /home/dev/Python/Dindo-bot/paths/test.path
[21:45:33] DEBUG::Instruction: Move(UP)
[21:45:33] DEBUG::Parse result: {'name': 'Move', 'value': 'UP'}
[21:45:33] DEBUG::Click on x: 931, y: 44
[21:45:33] DEBUG::Waiting for map to change
[21:45:35] DEBUG::Game screen has changed: False, diff: 0.1%, tolerance: 2.5, timeout: 30
[21:45:36] DEBUG::Game screen has changed: False, diff: 0.07%, tolerance: 2.5, timeout: 30
[21:45:37] DEBUG::Game screen has changed: False, diff: 0.07%, tolerance: 2.5, timeout: 30
[21:45:38] DEBUG::Game screen has changed: False, diff: 0.08%, tolerance: 2.5, timeout: 30
[21:45:39] DEBUG::Game screen has changed: True, diff: 13.22%, tolerance: 2.5, timeout: 30
[21:45:39] DEBUG::Waiting for map to load
[21:45:42] DEBUG::Instruction: Move(RIGHT)
[21:45:43] DEBUG::Parse result: {'name': 'Move', 'value': 'RIGHT'}
[21:45:43] DEBUG::Click on x: 1431, y: 344
[21:45:43] DEBUG::Waiting for map to change
[21:45:44] DEBUG::Game screen has changed: False, diff: 0.13%, tolerance: 2.5, timeout: 30
[21:45:45] DEBUG::Game screen has changed: False, diff: 0.1%, tolerance: 2.5, timeout: 30
[21:45:46] DEBUG::Game screen has changed: False, diff: 0.09%, tolerance: 2.5, timeout: 30
[21:45:48] DEBUG::Game screen has changed: False, diff: 0.07%, tolerance: 2.5, timeout: 30
[21:45:49] DEBUG::Game screen has changed: False, diff: 0.0%, tolerance: 2.5, timeout: 30
[21:45:50] DEBUG::Game screen has changed: False, diff: 0.0%, tolerance: 2.5, timeout: 30
[21:45:51] DEBUG::Game screen has changed: False, diff: 0.0%, tolerance: 2.5, timeout: 30
[21:45:52] DEBUG::Game screen has changed: False, diff: 0.06%, tolerance: 2.5, timeout: 30
[21:45:53] DEBUG::Game screen has changed: False, diff: 0.03%, tolerance: 2.5, timeout: 30
[21:45:54] DEBUG::Game screen has changed: False, diff: 0.0%, tolerance: 2.5, timeout: 30
[21:45:56] DEBUG::Game screen has changed: False, diff: 0.0%, tolerance: 2.5, timeout: 30
[21:45:57] DEBUG::Game screen has changed: False, diff: 0.0%, tolerance: 2.5, timeout: 30
[21:45:58] DEBUG::Game screen has changed: False, diff: 0.0%, tolerance: 2.5, timeout: 30
[21:45:59] DEBUG::Game screen has changed: False, diff: 0.15%, tolerance: 2.5, timeout: 30
[21:46:00] DEBUG::Game screen has changed: False, diff: 0.16%, tolerance: 2.5, timeout: 30
[21:46:01] DEBUG::Game screen has changed: False, diff: 0.08%, tolerance: 2.5, timeout: 30
[21:46:03] DEBUG::Game screen has changed: False, diff: 0.06%, tolerance: 2.5, timeout: 30
[21:46:04] DEBUG::Game screen has changed: False, diff: 0.0%, tolerance: 2.5, timeout: 30
[21:46:05] DEBUG::Game screen has changed: False, diff: 0.0%, tolerance: 2.5, timeout: 30
[21:46:06] DEBUG::Game screen has changed: False, diff: 0.03%, tolerance: 2.5, timeout: 30
[21:46:07] DEBUG::Game screen has changed: False, diff: 0.04%, tolerance: 2.5, timeout: 30
[21:46:08] DEBUG::Game screen has changed: False, diff: 0.08%, tolerance: 2.5, timeout: 30
[21:46:09] DEBUG::Game screen has changed: False, diff: 0.1%, tolerance: 2.5, timeout: 30
[21:46:11] DEBUG::Game screen has changed: False, diff: 0.04%, tolerance: 2.5, timeout: 30
[21:46:12] DEBUG::Game screen has changed: False, diff: 0.02%, tolerance: 2.5, timeout: 30
[21:46:13] DEBUG::Game screen has changed: False, diff: 0.1%, tolerance: 2.5, timeout: 30
[21:46:14] DEBUG::Game screen has changed: False, diff: 0.09%, tolerance: 2.5, timeout: 30
[21:46:15] DEBUG::Game screen has changed: False, diff: 0.09%, tolerance: 2.5, timeout: 30
[21:46:16] DEBUG::Game screen has changed: False, diff: 0.04%, tolerance: 2.5, timeout: 30
[21:46:18] DEBUG::Game screen has changed: False, diff: 0.0%, tolerance: 2.5, timeout: 30
[21:46:18] DEBUG::Bot thread paused
[21:46:18] ERROR::Game screen don't change
[21:46:25] DEBUG::Bot thread paused
[21:46:51] DEBUG::Game window unplugged
[21:46:51] DEBUG::Populate game window combobox, 0 window found
[22:10:11] DEBUG::Populate game window combobox, 0 window found
[22:10:11] Bot window loaded
[22:10:12] DEBUG::Internet is on
[23:51:11] DEBUG::Populate game window combobox, 0 window found
[23:51:11] Bot window loaded
[23:51:12] DEBUG::Internet is on
[23:51:21] DEBUG::Populate game window combobox, 0 window found
[23:51:21] Bot window loaded
[23:51:21] DEBUG::Internet is on
[23:54:20] DEBUG::Populate game window combobox, 0 window found
[23:54:21] Bot window loaded
[23:54:21] DEBUG::Internet is on
[23:55:00] DEBUG::Populate game window combobox, 0 window found
[23:55:00] Bot window loaded
[23:55:01] DEBUG::Internet is on
[23:59:36] DEBUG::Populate game window combobox, 0 window found
[23:59:36] Bot window loaded
[23:59:37] DEBUG::Internet is on
[23:59:55] DEBUG::Populate game window combobox, 0 window found
[23:59:55] Bot window loaded
[23:59:56] DEBUG::Internet is on
